<?xml version="1.0" encoding="UTF-8"?>
<testng-results skipped="0" failed="0" ignored="0" total="2" passed="2">
  <reporter-output>
  </reporter-output>
  <suite name="Default suite" duration-ms="90202" started-at="2022-04-24T18:38:49 IST" finished-at="2022-04-24T18:40:19 IST">
    <groups>
    </groups>
    <test name="Default test" duration-ms="90202" started-at="2022-04-24T18:38:49 IST" finished-at="2022-04-24T18:40:19 IST">
      <class name="week6.day2.CreateLeadFromExcelData">
        <test-method status="PASS" signature="crmAppPreCondition(java.lang.String,java.lang.String,java.lang.String)[pri:0, instance:week6.day2.CreateLeadFromExcelData@7e0e6aa2]" name="crmAppPreCondition" is-config="true" duration-ms="38576" started-at="2022-04-24T18:38:52 IST" finished-at="2022-04-24T18:39:30 IST">
          <params>
            <param index="0">
              <value>
                <![CDATA[http://leaftaps.com/opentaps/control/main]]>
              </value>
            </param>
            <param index="1">
              <value>
                <![CDATA[DemoCSR]]>
              </value>
            </param>
            <param index="2">
              <value>
                <![CDATA[crmsfa]]>
              </value>
            </param>
          </params>
          <reporter-output>
          </reporter-output>
        </test-method> <!-- crmAppPreCondition -->
        <test-method status="PASS" signature="createLeadTest(java.lang.String,java.lang.String,java.lang.String)[pri:0, instance:week6.day2.CreateLeadFromExcelData@7e0e6aa2]" name="createLeadTest" duration-ms="16682" started-at="2022-04-24T18:39:30 IST" data-provider="excelTestData" finished-at="2022-04-24T18:39:47 IST">
          <params>
            <param index="0">
              <value>
                <![CDATA[Haja]]>
              </value>
            </param>
            <param index="1">
              <value>
                <![CDATA[J]]>
              </value>
            </param>
            <param index="2">
              <value>
                <![CDATA[Qeagle]]>
              </value>
            </param>
          </params>
          <reporter-output>
          </reporter-output>
        </test-method> <!-- createLeadTest -->
        <test-method status="PASS" signature="crmAppPostCondition()[pri:0, instance:week6.day2.CreateLeadFromExcelData@7e0e6aa2]" name="crmAppPostCondition" is-config="true" duration-ms="8232" started-at="2022-04-24T18:39:47 IST" finished-at="2022-04-24T18:39:55 IST">
          <reporter-output>
          </reporter-output>
        </test-method> <!-- crmAppPostCondition -->
        <test-method status="PASS" signature="crmAppPreCondition(java.lang.String,java.lang.String,java.lang.String)[pri:0, instance:week6.day2.CreateLeadFromExcelData@7e0e6aa2]" name="crmAppPreCondition" is-config="true" duration-ms="12438" started-at="2022-04-24T18:39:55 IST" finished-at="2022-04-24T18:40:08 IST">
          <params>
            <param index="0">
              <value>
                <![CDATA[http://leaftaps.com/opentaps/control/main]]>
              </value>
            </param>
            <param index="1">
              <value>
                <![CDATA[DemoCSR]]>
              </value>
            </param>
            <param index="2">
              <value>
                <![CDATA[crmsfa]]>
              </value>
            </param>
          </params>
          <reporter-output>
          </reporter-output>
        </test-method> <!-- crmAppPreCondition -->
        <test-method status="PASS" signature="createLeadTest(java.lang.String,java.lang.String,java.lang.String)[pri:0, instance:week6.day2.CreateLeadFromExcelData@7e0e6aa2]" name="createLeadTest" duration-ms="11303" started-at="2022-04-24T18:40:08 IST" data-provider="excelTestData" finished-at="2022-04-24T18:40:19 IST">
          <params>
            <param index="0">
              <value>
                <![CDATA[Hari]]>
              </value>
            </param>
            <param index="1">
              <value>
                <![CDATA[R]]>
              </value>
            </param>
            <param index="2">
              <value>
                <![CDATA[TestLeaf]]>
              </value>
            </param>
          </params>
          <reporter-output>
          </reporter-output>
        </test-method> <!-- createLeadTest -->
        <test-method status="PASS" signature="crmAppPostCondition()[pri:0, instance:week6.day2.CreateLeadFromExcelData@7e0e6aa2]" name="crmAppPostCondition" is-config="true" duration-ms="251" started-at="2022-04-24T18:40:19 IST" finished-at="2022-04-24T18:40:19 IST">
          <reporter-output>
          </reporter-output>
        </test-method> <!-- crmAppPostCondition -->
      </class> <!-- week6.day2.CreateLeadFromExcelData -->
    </test> <!-- Default test -->
  </suite> <!-- Default suite -->
</testng-results>
